2011-08-15 13:54:17,829 [AWT-EventQueue-0] INFO  - org.berlin2.bottomuplife.life.LifeSimulation$SimulationObjects.initAllElements - LifeSimulation [INIT SIMULATION] ********************** Mon Aug 15 13:54:17 EDT 2011
2011-08-15 13:54:18,001 [AWT-EventQueue-0] INFO  - org.berlin2.bottomuplife.life.LifeSimulation$SimulationObjects.initAllElements - LifeSimulation - initAll Elements - sizeOfBacteriaElements:4
2011-08-15 13:54:18,001 [AWT-EventQueue-0] INFO  - org.berlin2.bottomuplife.life.LifeSimulation$SimulationObjects.initAllElements - LifeSimulation - initAll Elements - sizeOfFoodElements:19
2011-08-15 13:54:18,016 [AWT-EventQueue-0] INFO  - org.berlin2.bottomuplife.life.LifeSimulation$SimulationObjects.onStepSimulation - LogUpdate [ctr:0 t:0] NumberOfCells:4 LiveCells:4 DeadCells:0 MutationsAcrossSystem:0
2011-08-15 13:54:18,563 [AWT-EventQueue-0] INFO  - org.berlin2.bottomuplife.life.LifeSimulation$SimulationObjects.onStepSimulation - LogUpdate [ctr:0 t:1] NumberOfCells:4 LiveCells:4 DeadCells:0 MutationsAcrossSystem:0
2011-08-15 13:54:27,939 [AWT-EventQueue-0] INFO  - org.berlin2.bottomuplife.life.LifeSimulation$SimulationObjects.onStepSimulation - LogUpdate [ctr:100 t:10] NumberOfCells:4 LiveCells:4 DeadCells:0 MutationsAcrossSystem:0
2011-08-15 13:54:37,127 [AWT-EventQueue-0] INFO  - org.berlin2.bottomuplife.life.LifeSimulation$SimulationObjects.onStepSimulation - LogUpdate [ctr:200 t:19] NumberOfCells:4 LiveCells:4 DeadCells:0 MutationsAcrossSystem:0
2011-08-15 13:54:45,346 [AWT-EventQueue-0] INFO  - org.berlin2.bottomuplife.life.LifeSimulation$SimulationObjects.onStepSimulation - LifeSimulation:[ctr:208 t:27] CREATE_ bacteria cell, add to list
2011-08-15 13:54:45,346 [AWT-EventQueue-0] DEBUG - org.berlin2.bottomuplife.life.LifeSimulation$SimulationObjects.onStepSimulation - LifeSimulation:info on bacteria, dna=AAAA AAAA AAAA AGCA GCCG GAAG AAAA AAAA AAAA AGCT CCAG GAAG AAAA AAAA AAAA AGCA AGCG GAAT AAAA AAAA AAAA AGCT CCAA GAAT AAAA AAAA AAAA AAAA 
2011-08-15 13:54:45,346 [AWT-EventQueue-0] INFO  - org.berlin2.bottomuplife.life.LifeSimulation$SimulationObjects.onStepSimulation - LifeSimulation:info on bacteria, name=child-gen-1-x64-parentPos[(60,57)]
2011-08-15 13:54:45,346 [AWT-EventQueue-0] INFO  - org.berlin2.bottomuplife.life.LifeSimulation$SimulationObjects.onStepSimulation - LifeSimulation:info on bacteria, energyLevelAtCreate=2125.247753208016 sunBurnRed:0.12 waterBlueEnergy:0.2
2011-08-15 13:54:45,346 [AWT-EventQueue-0] INFO  - org.berlin2.bottomuplife.life.LifeSimulation$SimulationObjects.onStepSimulation - LifeSimulation:COUNT_ number elements list=5
2011-08-15 13:54:45,377 [AWT-EventQueue-0] INFO  - org.berlin2.bottomuplife.life.LifeSimulation$SimulationObjects.onStepSimulation - LifeSimulation:[ctr:209 t:27] CREATE_ bacteria cell, add to list
2011-08-15 13:54:45,377 [AWT-EventQueue-0] DEBUG - org.berlin2.bottomuplife.life.LifeSimulation$SimulationObjects.onStepSimulation - LifeSimulation:info on bacteria, dna=AAAA AAAA AAAA AGCA GCCG GAAG AAAA AAAA AAAA AGCT CCAG GAAG AAAA AAAA AAAA AGCA AGCG GAAT AAAA AAAA AAAA AGCT CCAA GAAT AAAA AAAA AAAA AAAA 
2011-08-15 13:54:45,377 [AWT-EventQueue-0] INFO  - org.berlin2.bottomuplife.life.LifeSimulation$SimulationObjects.onStepSimulation - LifeSimulation:info on bacteria, name=child-gen-1-x753-parentPos[(42,24)]
2011-08-15 13:54:45,377 [AWT-EventQueue-0] INFO  - org.berlin2.bottomuplife.life.LifeSimulation$SimulationObjects.onStepSimulation - LifeSimulation:info on bacteria, energyLevelAtCreate=1000.0 sunBurnRed:0.12 waterBlueEnergy:0.2
2011-08-15 13:54:45,377 [AWT-EventQueue-0] INFO  - org.berlin2.bottomuplife.life.LifeSimulation$SimulationObjects.onStepSimulation - LifeSimulation:COUNT_ number elements list=6
2011-08-15 13:54:45,658 [AWT-EventQueue-0] INFO  - org.berlin2.bottomuplife.life.LifeSimulation$SimulationObjects.onStepSimulation - LifeSimulation:[ctr:212 t:28] CREATE_ bacteria cell, add to list
2011-08-15 13:54:45,658 [AWT-EventQueue-0] DEBUG - org.berlin2.bottomuplife.life.LifeSimulation$SimulationObjects.onStepSimulation - LifeSimulation:info on bacteria, dna=AAAA AAAA AAAA AGCA GCCG GAAG AAAA AAAA AAAA AGCT CCAG GAAG AAAA AAAA AAAA AGCA AGCT GAAT AAAA AAAA AAAA AGCT CCAA GAAT AAAA AAAA AAAA AAAA 
2011-08-15 13:54:45,658 [AWT-EventQueue-0] INFO  - org.berlin2.bottomuplife.life.LifeSimulation$SimulationObjects.onStepSimulation - LifeSimulation:info on bacteria, name=child-gen-1-x969-parentPos[(82,67)]
2011-08-15 13:54:45,658 [AWT-EventQueue-0] INFO  - org.berlin2.bottomuplife.life.LifeSimulation$SimulationObjects.onStepSimulation - LifeSimulation:info on bacteria, energyLevelAtCreate=872.1115283204041 sunBurnRed:0.12 waterBlueEnergy:0.2
2011-08-15 13:54:45,658 [AWT-EventQueue-0] INFO  - org.berlin2.bottomuplife.life.LifeSimulation$SimulationObjects.onStepSimulation - LifeSimulation:COUNT_ number elements list=7
2011-08-15 13:54:46,221 [AWT-EventQueue-0] INFO  - org.berlin2.bottomuplife.life.LifeSimulation$SimulationObjects.onStepSimulation - LifeSimulation:[ctr:218 t:28] CREATE_ bacteria cell, add to list
2011-08-15 13:54:46,221 [AWT-EventQueue-0] DEBUG - org.berlin2.bottomuplife.life.LifeSimulation$SimulationObjects.onStepSimulation - LifeSimulation:info on bacteria, dna=AAAA AAAA AAAA AGCA GCCG GAAG AAAA AAAA AAAA AGCT CCAG GAAG AAAA AAAA AAAA AGCA AGCT GAAT AAAA AAAA AAAA AGCT CCAA GAAT AAAA AAAA AAAA AAAA 
2011-08-15 13:54:46,221 [AWT-EventQueue-0] INFO  - org.berlin2.bottomuplife.life.LifeSimulation$SimulationObjects.onStepSimulation - LifeSimulation:info on bacteria, name=child-gen-1-x352-parentPos[(70,22)]
2011-08-15 13:54:46,221 [AWT-EventQueue-0] INFO  - org.berlin2.bottomuplife.life.LifeSimulation$SimulationObjects.onStepSimulation - LifeSimulation:info on bacteria, energyLevelAtCreate=845.7957524376124 sunBurnRed:0.12 waterBlueEnergy:0.2
2011-08-15 13:54:46,221 [AWT-EventQueue-0] INFO  - org.berlin2.bottomuplife.life.LifeSimulation$SimulationObjects.onStepSimulation - LifeSimulation:COUNT_ number elements list=8
2011-08-15 13:55:35,160 [AWT-EventQueue-0] INFO  - org.berlin2.bottomuplife.life.LifeSimulation$SimulationObjects.onStepSimulation - LogUpdate [ctr:300 t:77] NumberOfCells:8 LiveCells:8 DeadCells:0 MutationsAcrossSystem:3
2011-08-15 13:55:44,442 [AWT-EventQueue-0] INFO  - org.berlin2.bottomuplife.life.LifeSimulation$SimulationObjects.onStepSimulation - LifeSimulation:[ctr:399 t:86] CREATE_ bacteria cell, add to list
2011-08-15 13:55:44,442 [AWT-EventQueue-0] DEBUG - org.berlin2.bottomuplife.life.LifeSimulation$SimulationObjects.onStepSimulation - LifeSimulation:info on bacteria, dna=AAAA AAAA AAAA AGCA GCCG GAAG AAAA AAAA AAAA AGCT CCAG GAAG AAAA AAAA AAAA AGCA AGCG GAAT AAAA AAAA AAAA AGCT CCAA GAAT AAAA AAAA AAAA AAAA 
2011-08-15 13:55:44,442 [AWT-EventQueue-0] INFO  - org.berlin2.bottomuplife.life.LifeSimulation$SimulationObjects.onStepSimulation - LifeSimulation:info on bacteria, name=child-gen-2-x394-parentPos[(70,27)]
2011-08-15 13:55:44,442 [AWT-EventQueue-0] INFO  - org.berlin2.bottomuplife.life.LifeSimulation$SimulationObjects.onStepSimulation - LifeSimulation:info on bacteria, energyLevelAtCreate=1755.0126585341657 sunBurnRed:0.12 waterBlueEnergy:0.2
2011-08-15 13:55:44,442 [AWT-EventQueue-0] INFO  - org.berlin2.bottomuplife.life.LifeSimulation$SimulationObjects.onStepSimulation - LifeSimulation:COUNT_ number elements list=9
2011-08-15 13:55:44,535 [AWT-EventQueue-0] INFO  - org.berlin2.bottomuplife.life.LifeSimulation$SimulationObjects.onStepSimulation - LogUpdate [ctr:400 t:86] NumberOfCells:9 LiveCells:9 DeadCells:0 MutationsAcrossSystem:4
2011-08-15 13:55:45,004 [AWT-EventQueue-0] INFO  - org.berlin2.bottomuplife.life.LifeSimulation$SimulationObjects.onStepSimulation - LifeSimulation:[ctr:405 t:87] CREATE_ bacteria cell, add to list
2011-08-15 13:55:45,004 [AWT-EventQueue-0] DEBUG - org.berlin2.bottomuplife.life.LifeSimulation$SimulationObjects.onStepSimulation - LifeSimulation:info on bacteria, dna=AAAA AAAA AAAA AGCA GCCG GAAG AAAA AAAA AAAA AGCT CCAG GAAG AAAA AAAA AAAA AGCA AGCG GAAT AAAA AAAA AAAA AGCT CCAA GAAT AAAA AAAA AAAA AAAA 
2011-08-15 13:55:45,004 [AWT-EventQueue-0] INFO  - org.berlin2.bottomuplife.life.LifeSimulation$SimulationObjects.onStepSimulation - LifeSimulation:info on bacteria, name=child-gen-2-x506-parentPos[(77,72)]
2011-08-15 13:55:45,004 [AWT-EventQueue-0] INFO  - org.berlin2.bottomuplife.life.LifeSimulation$SimulationObjects.onStepSimulation - LifeSimulation:info on bacteria, energyLevelAtCreate=1781.4335693995442 sunBurnRed:0.12 waterBlueEnergy:0.2
2011-08-15 13:55:45,004 [AWT-EventQueue-0] INFO  - org.berlin2.bottomuplife.life.LifeSimulation$SimulationObjects.onStepSimulation - LifeSimulation:COUNT_ number elements list=10
2011-08-15 13:55:46,973 [AWT-EventQueue-0] INFO  - org.berlin2.bottomuplife.life.LifeSimulation$SimulationObjects.onStepSimulation - LifeSimulation:[ctr:426 t:89] CREATE_ bacteria cell, add to list
2011-08-15 13:55:46,973 [AWT-EventQueue-0] DEBUG - org.berlin2.bottomuplife.life.LifeSimulation$SimulationObjects.onStepSimulation - LifeSimulation:info on bacteria, dna=AAAA AAAA AAAA AGCA GCCG GAAG AAAA AAAA AAAA AGCT CCAG GAAG AAAA AAAA AAAA AGCA AGCG GAAT AAAA AAAA AAAA AGCT CCAA GAAT AAAA AAAA AAAA AAAA 
2011-08-15 13:55:46,973 [AWT-EventQueue-0] INFO  - org.berlin2.bottomuplife.life.LifeSimulation$SimulationObjects.onStepSimulation - LifeSimulation:info on bacteria, name=child-gen-2-x995-parentPos[(48,29)]
2011-08-15 13:55:46,973 [AWT-EventQueue-0] INFO  - org.berlin2.bottomuplife.life.LifeSimulation$SimulationObjects.onStepSimulation - LifeSimulation:info on bacteria, energyLevelAtCreate=1000.0 sunBurnRed:0.12 waterBlueEnergy:0.2
2011-08-15 13:55:46,973 [AWT-EventQueue-0] INFO  - org.berlin2.bottomuplife.life.LifeSimulation$SimulationObjects.onStepSimulation - LifeSimulation:COUNT_ number elements list=11
2011-08-15 13:55:53,911 [AWT-EventQueue-0] INFO  - org.berlin2.bottomuplife.life.LifeSimulation$SimulationObjects.onStepSimulation - LogUpdate [ctr:500 t:96] NumberOfCells:11 LiveCells:11 DeadCells:0 MutationsAcrossSystem:5
2011-08-15 13:56:03,286 [AWT-EventQueue-0] INFO  - org.berlin2.bottomuplife.life.LifeSimulation$SimulationObjects.onStepSimulation - LogUpdate [ctr:600 t:105] NumberOfCells:11 LiveCells:11 DeadCells:0 MutationsAcrossSystem:5
2011-08-15 13:56:06,099 [AWT-EventQueue-0] INFO  - org.berlin2.bottomuplife.life.LifeSimulation$SimulationObjects.onStepSimulation - LifeSimulation:[ctr:630 t:108] CREATE_ bacteria cell, add to list
2011-08-15 13:56:06,099 [AWT-EventQueue-0] DEBUG - org.berlin2.bottomuplife.life.LifeSimulation$SimulationObjects.onStepSimulation - LifeSimulation:info on bacteria, dna=AAAA AAAA AAAA AGCA GCCG GAAG AAAA AAAA AAAA AGCT CCAG GAAG AAAA AAAA AAAA AGCA AGCG GAAT AAAA AAAA AAAA AGCT CCAA GAAT AAAA AAAA AAAA AAAA 
2011-08-15 13:56:06,099 [AWT-EventQueue-0] INFO  - org.berlin2.bottomuplife.life.LifeSimulation$SimulationObjects.onStepSimulation - LifeSimulation:info on bacteria, name=child-gen-3-x484-parentPos[(54,34)]
2011-08-15 13:56:06,099 [AWT-EventQueue-0] INFO  - org.berlin2.bottomuplife.life.LifeSimulation$SimulationObjects.onStepSimulation - LifeSimulation:info on bacteria, energyLevelAtCreate=1000.0 sunBurnRed:0.12 waterBlueEnergy:0.2
2011-08-15 13:56:06,099 [AWT-EventQueue-0] INFO  - org.berlin2.bottomuplife.life.LifeSimulation$SimulationObjects.onStepSimulation - LifeSimulation:COUNT_ number elements list=12
2011-08-15 13:56:07,505 [AWT-EventQueue-0] INFO  - org.berlin2.bottomuplife.life.LifeSimulation$SimulationObjects.onStepSimulation - LifeSimulation:[ctr:645 t:109] CREATE_ bacteria cell, add to list
2011-08-15 13:56:07,505 [AWT-EventQueue-0] DEBUG - org.berlin2.bottomuplife.life.LifeSimulation$SimulationObjects.onStepSimulation - LifeSimulation:info on bacteria, dna=AAAA AAAA AAAA AGCA GCCG GAAG AAAA AAAA AAAA AGCT CCAG GAAG AAAA AAAA AAAA AGCA AGCG GAAT AAAA AAAA AAAA AGCT CCAA GAAT AAAA AAAA AAAA AAAA 
2011-08-15 13:56:07,505 [AWT-EventQueue-0] INFO  - org.berlin2.bottomuplife.life.LifeSimulation$SimulationObjects.onStepSimulation - LifeSimulation:info on bacteria, name=child-gen-2-x54-parentPos[(55,62)]
2011-08-15 13:56:07,505 [AWT-EventQueue-0] INFO  - org.berlin2.bottomuplife.life.LifeSimulation$SimulationObjects.onStepSimulation - LifeSimulation:info on bacteria, energyLevelAtCreate=1000.0 sunBurnRed:0.12 waterBlueEnergy:0.2
2011-08-15 13:56:07,505 [AWT-EventQueue-0] INFO  - org.berlin2.bottomuplife.life.LifeSimulation$SimulationObjects.onStepSimulation - LifeSimulation:COUNT_ number elements list=13
2011-08-15 13:56:12,661 [AWT-EventQueue-0] INFO  - org.berlin2.bottomuplife.life.LifeSimulation$SimulationObjects.onStepSimulation - LogUpdate [ctr:700 t:115] NumberOfCells:13 LiveCells:13 DeadCells:0 MutationsAcrossSystem:5
2011-08-15 13:56:19,146 [AWT-EventQueue-0] INFO  - org.berlin2.bottomuplife.life.LifeSimulation$SimulationObjects.onStepSimulation - LifeSimulation:[ctr:769 t:121] CREATE_ bacteria cell, add to list
2011-08-15 13:56:19,146 [AWT-EventQueue-0] DEBUG - org.berlin2.bottomuplife.life.LifeSimulation$SimulationObjects.onStepSimulation - LifeSimulation:info on bacteria, dna=AAAA AAAA AAAA AGCA GCCG GAAG AAAA AAAA AAAA AGCT CCAG GAAG AAAA AAAA AAAA AGCA AGCG GAAT AAAA AAAA AAAA AGCT CCAA GAAT AAAA AAAA AAAA AAAA 
2011-08-15 13:56:19,146 [AWT-EventQueue-0] INFO  - org.berlin2.bottomuplife.life.LifeSimulation$SimulationObjects.onStepSimulation - LifeSimulation:info on bacteria, name=child-gen-3-x930-parentPos[(65,31)]
2011-08-15 13:56:19,146 [AWT-EventQueue-0] INFO  - org.berlin2.bottomuplife.life.LifeSimulation$SimulationObjects.onStepSimulation - LifeSimulation:info on bacteria, energyLevelAtCreate=1000.0 sunBurnRed:0.12 waterBlueEnergy:0.2
2011-08-15 13:56:19,146 [AWT-EventQueue-0] INFO  - org.berlin2.bottomuplife.life.LifeSimulation$SimulationObjects.onStepSimulation - LifeSimulation:COUNT_ number elements list=14
2011-08-15 13:56:19,615 [AWT-EventQueue-0] INFO  - org.berlin2.bottomuplife.life.LifeSimulation$SimulationObjects.onStepSimulation - LifeSimulation:[ctr:774 t:122] CREATE_ bacteria cell, add to list
2011-08-15 13:56:19,615 [AWT-EventQueue-0] DEBUG - org.berlin2.bottomuplife.life.LifeSimulation$SimulationObjects.onStepSimulation - LifeSimulation:info on bacteria, dna=AAAA AAAA AAAA AGCA GCCG GAAG AAAA AAAA AAAA AGCT CCAG GAAG AAAA AAAA AAAA AGCA AGCG GAAT AAAA AAAA AAAA AGCT CCAA GAAT AAAA AAAA AAAA AAAA 
2011-08-15 13:56:19,615 [AWT-EventQueue-0] INFO  - org.berlin2.bottomuplife.life.LifeSimulation$SimulationObjects.onStepSimulation - LifeSimulation:info on bacteria, name=child-gen-3-x830-parentPos[(71,77)]
2011-08-15 13:56:19,615 [AWT-EventQueue-0] INFO  - org.berlin2.bottomuplife.life.LifeSimulation$SimulationObjects.onStepSimulation - LifeSimulation:info on bacteria, energyLevelAtCreate=1000.0 sunBurnRed:0.12 waterBlueEnergy:0.2
2011-08-15 13:56:19,615 [AWT-EventQueue-0] INFO  - org.berlin2.bottomuplife.life.LifeSimulation$SimulationObjects.onStepSimulation - LifeSimulation:COUNT_ number elements list=15
2011-08-15 13:56:22,052 [AWT-EventQueue-0] INFO  - org.berlin2.bottomuplife.life.LifeSimulation$SimulationObjects.onStepSimulation - LogUpdate [ctr:800 t:124] NumberOfCells:15 LiveCells:15 DeadCells:0 MutationsAcrossSystem:5
2011-08-15 13:56:25,990 [AWT-EventQueue-0] INFO  - org.berlin2.bottomuplife.life.LifeSimulation$SimulationObjects.onStepSimulation - LifeSimulation:[ctr:842 t:128] CREATE_ bacteria cell, add to list
2011-08-15 13:56:25,990 [AWT-EventQueue-0] DEBUG - org.berlin2.bottomuplife.life.LifeSimulation$SimulationObjects.onStepSimulation - LifeSimulation:info on bacteria, dna=AAAA AAAA AAAA AGCA GCCG GAAG AAAA AAAA AAAA AGCT CCAG GAAG AAAA AAAA AAAA AGCA AGCG GAAT AAAA AAAA AAAA AGCT CCAA GAAT AAAA AAAA AAAA AAAA 
2011-08-15 13:56:25,990 [AWT-EventQueue-0] INFO  - org.berlin2.bottomuplife.life.LifeSimulation$SimulationObjects.onStepSimulation - LifeSimulation:info on bacteria, name=child-gen-4-x124-parentPos[(55,39)]
2011-08-15 13:56:25,990 [AWT-EventQueue-0] INFO  - org.berlin2.bottomuplife.life.LifeSimulation$SimulationObjects.onStepSimulation - LifeSimulation:info on bacteria, energyLevelAtCreate=1000.0 sunBurnRed:0.12 waterBlueEnergy:0.2
2011-08-15 13:56:25,990 [AWT-EventQueue-0] INFO  - org.berlin2.bottomuplife.life.LifeSimulation$SimulationObjects.onStepSimulation - LifeSimulation:COUNT_ number elements list=16
2011-08-15 13:56:26,834 [AWT-EventQueue-0] INFO  - org.berlin2.bottomuplife.life.LifeSimulation$SimulationObjects.onStepSimulation - LifeSimulation:[ctr:851 t:129] CREATE_ bacteria cell, add to list
2011-08-15 13:56:26,834 [AWT-EventQueue-0] DEBUG - org.berlin2.bottomuplife.life.LifeSimulation$SimulationObjects.onStepSimulation - LifeSimulation:info on bacteria, dna=AAAA AAAA AAAA AGCA GCCG GAAG AAAA AAAA AAAA AGCT CCAG GAAG AAAA AAAA AAAA AGCA AGCG GAAT AAAA AAAA AAAA AGCT CCAA GAAT AAAA AAAA AAAA AAAA 
2011-08-15 13:56:26,834 [AWT-EventQueue-0] INFO  - org.berlin2.bottomuplife.life.LifeSimulation$SimulationObjects.onStepSimulation - LifeSimulation:info on bacteria, name=child-gen-3-x940-parentPos[(60,63)]
2011-08-15 13:56:26,834 [AWT-EventQueue-0] INFO  - org.berlin2.bottomuplife.life.LifeSimulation$SimulationObjects.onStepSimulation - LifeSimulation:info on bacteria, energyLevelAtCreate=1000.0 sunBurnRed:0.12 waterBlueEnergy:0.2
2011-08-15 13:56:26,834 [AWT-EventQueue-0] INFO  - org.berlin2.bottomuplife.life.LifeSimulation$SimulationObjects.onStepSimulation - LifeSimulation:COUNT_ number elements list=17
2011-08-15 13:56:31,428 [AWT-EventQueue-0] INFO  - org.berlin2.bottomuplife.life.LifeSimulation$SimulationObjects.onStepSimulation - LogUpdate [ctr:900 t:133] NumberOfCells:17 LiveCells:17 DeadCells:0 MutationsAcrossSystem:5
2011-08-15 13:56:38,834 [AWT-EventQueue-0] INFO  - org.berlin2.bottomuplife.life.LifeSimulation$SimulationObjects.onStepSimulation - LifeSimulation:[ctr:979 t:141] CREATE_ bacteria cell, add to list
2011-08-15 13:56:38,834 [AWT-EventQueue-0] DEBUG - org.berlin2.bottomuplife.life.LifeSimulation$SimulationObjects.onStepSimulation - LifeSimulation:info on bacteria, dna=AAAA AAAA AAAA AGCA GCCG GAAG AAAA AAAA AAAA AGCT CCAG GAAG AAAA AAAA AAAA AGCA AGCG GAAT AAAA AAAA AAAA AGCT CCAA GAAT AAAA AAAA AAAA AAAA 
2011-08-15 13:56:38,834 [AWT-EventQueue-0] INFO  - org.berlin2.bottomuplife.life.LifeSimulation$SimulationObjects.onStepSimulation - LifeSimulation:info on bacteria, name=child-gen-4-x387-parentPos[(67,81)]
2011-08-15 13:56:38,834 [AWT-EventQueue-0] INFO  - org.berlin2.bottomuplife.life.LifeSimulation$SimulationObjects.onStepSimulation - LifeSimulation:info on bacteria, energyLevelAtCreate=1000.0 sunBurnRed:0.12 waterBlueEnergy:0.2
2011-08-15 13:56:38,834 [AWT-EventQueue-0] INFO  - org.berlin2.bottomuplife.life.LifeSimulation$SimulationObjects.onStepSimulation - LifeSimulation:COUNT_ number elements list=18
2011-08-15 13:56:39,022 [AWT-EventQueue-0] INFO  - org.berlin2.bottomuplife.life.LifeSimulation$SimulationObjects.onStepSimulation - LifeSimulation:[ctr:981 t:141] CREATE_ bacteria cell, add to list
2011-08-15 13:56:39,022 [AWT-EventQueue-0] DEBUG - org.berlin2.bottomuplife.life.LifeSimulation$SimulationObjects.onStepSimulation - LifeSimulation:info on bacteria, dna=AAAA AAAA AAAA AGCA GCCG GAAG AAAA AAAA AAAA AGCT CCAG GAAG AAAA AAAA AAAA AGCA AGCG GAAT AAAA AAAA AAAA AGCT CCAA GAAT AAAA AAAA AAAA AAAA 
2011-08-15 13:56:39,022 [AWT-EventQueue-0] INFO  - org.berlin2.bottomuplife.life.LifeSimulation$SimulationObjects.onStepSimulation - LifeSimulation:info on bacteria, name=child-gen-4-x562-parentPos[(70,31)]
2011-08-15 13:56:39,022 [AWT-EventQueue-0] INFO  - org.berlin2.bottomuplife.life.LifeSimulation$SimulationObjects.onStepSimulation - LifeSimulation:info on bacteria, energyLevelAtCreate=1000.0 sunBurnRed:0.12 waterBlueEnergy:0.2
2011-08-15 13:56:39,022 [AWT-EventQueue-0] INFO  - org.berlin2.bottomuplife.life.LifeSimulation$SimulationObjects.onStepSimulation - LifeSimulation:COUNT_ number elements list=19
2011-08-15 13:56:40,803 [AWT-EventQueue-0] INFO  - org.berlin2.bottomuplife.life.LifeSimulation$SimulationObjects.onStepSimulation - LogUpdate [ctr:1000 t:143] NumberOfCells:19 LiveCells:19 DeadCells:0 MutationsAcrossSystem:5
2011-08-15 13:56:46,428 [AWT-EventQueue-0] INFO  - org.berlin2.bottomuplife.life.LifeSimulation$SimulationObjects.onStepSimulation - LifeSimulation:[ctr:1060 t:148] CREATE_ bacteria cell, add to list
2011-08-15 13:56:46,428 [AWT-EventQueue-0] DEBUG - org.berlin2.bottomuplife.life.LifeSimulation$SimulationObjects.onStepSimulation - LifeSimulation:info on bacteria, dna=AAAA AAAA AAAA AGCA GCCG GAAG AAAA AAAA AAAA AGCT CCAG GAAG AAAA AAAA AAAA AGCA AGCT GAAT AAAA AAAA AAAA AGCT CCAA GAAT AAAA AAAA AAAA AAAA 
2011-08-15 13:56:46,428 [AWT-EventQueue-0] INFO  - org.berlin2.bottomuplife.life.LifeSimulation$SimulationObjects.onStepSimulation - LifeSimulation:info on bacteria, name=child-gen-5-x445-parentPos[(61,44)]
2011-08-15 13:56:46,428 [AWT-EventQueue-0] INFO  - org.berlin2.bottomuplife.life.LifeSimulation$SimulationObjects.onStepSimulation - LifeSimulation:info on bacteria, energyLevelAtCreate=839.2433745263636 sunBurnRed:0.12 waterBlueEnergy:0.2
2011-08-15 13:56:46,428 [AWT-EventQueue-0] INFO  - org.berlin2.bottomuplife.life.LifeSimulation$SimulationObjects.onStepSimulation - LifeSimulation:COUNT_ number elements list=20
2011-08-15 13:56:47,460 [AWT-EventQueue-0] INFO  - org.berlin2.bottomuplife.life.LifeSimulation$SimulationObjects.onStepSimulation - LifeSimulation:[ctr:1071 t:149] CREATE_ bacteria cell, add to list
2011-08-15 13:56:47,460 [AWT-EventQueue-0] DEBUG - org.berlin2.bottomuplife.life.LifeSimulation$SimulationObjects.onStepSimulation - LifeSimulation:info on bacteria, dna=AAAA AAAA AAAA AGCA GCCG GAAG AAAA AAAA AAAA AGCT CCAG GAAG AAAA AAAA AAAA AGCA AGCG GAAT AAAA AAAA AAAA AGCT CCAA GAAT AAAA AAAA AAAA AAAA 
2011-08-15 13:56:47,460 [AWT-EventQueue-0] INFO  - org.berlin2.bottomuplife.life.LifeSimulation$SimulationObjects.onStepSimulation - LifeSimulation:info on bacteria, name=child-gen-4-x55-parentPos[(66,63)]
2011-08-15 13:56:47,460 [AWT-EventQueue-0] INFO  - org.berlin2.bottomuplife.life.LifeSimulation$SimulationObjects.onStepSimulation - LifeSimulation:info on bacteria, energyLevelAtCreate=1000.0 sunBurnRed:0.12 waterBlueEnergy:0.2
2011-08-15 13:56:47,460 [AWT-EventQueue-0] INFO  - org.berlin2.bottomuplife.life.LifeSimulation$SimulationObjects.onStepSimulation - LifeSimulation:COUNT_ number elements list=21
2011-08-15 13:56:50,179 [AWT-EventQueue-0] INFO  - org.berlin2.bottomuplife.life.LifeSimulation$SimulationObjects.onStepSimulation - LogUpdate [ctr:1100 t:152] NumberOfCells:21 LiveCells:21 DeadCells:0 MutationsAcrossSystem:6
2011-08-15 13:56:58,351 [AWT-EventQueue-0] INFO  - org.berlin2.bottomuplife.life.LifeSimulation$SimulationObjects.onStepSimulation - LifeSimulation:[ctr:1187 t:160] CREATE_ bacteria cell, add to list
2011-08-15 13:56:58,351 [AWT-EventQueue-0] DEBUG - org.berlin2.bottomuplife.life.LifeSimulation$SimulationObjects.onStepSimulation - LifeSimulation:info on bacteria, dna=AAAA AAAA AAAA AGCA GCCG GAAG AAAA AAAA AAAA AGCT CCAG GAAG AAAA AAAA AAAA AGCA AGCG GAAT AAAA AAAA AAAA AGCT CCAA GAAT AAAA AAAA AAAA AAAA 
2011-08-15 13:56:58,351 [AWT-EventQueue-0] INFO  - org.berlin2.bottomuplife.life.LifeSimulation$SimulationObjects.onStepSimulation - LifeSimulation:info on bacteria, name=child-gen-5-x18-parentPos[(62,86)]
2011-08-15 13:56:58,351 [AWT-EventQueue-0] INFO  - org.berlin2.bottomuplife.life.LifeSimulation$SimulationObjects.onStepSimulation - LifeSimulation:info on bacteria, energyLevelAtCreate=1000.0 sunBurnRed:0.12 waterBlueEnergy:0.2
2011-08-15 13:56:58,351 [AWT-EventQueue-0] INFO  - org.berlin2.bottomuplife.life.LifeSimulation$SimulationObjects.onStepSimulation - LifeSimulation:COUNT_ number elements list=22
2011-08-15 13:56:58,726 [AWT-EventQueue-0] INFO  - org.berlin2.bottomuplife.life.LifeSimulation$SimulationObjects.onStepSimulation - LifeSimulation:[ctr:1191 t:161] CREATE_ bacteria cell, add to list
2011-08-15 13:56:58,726 [AWT-EventQueue-0] DEBUG - org.berlin2.bottomuplife.life.LifeSimulation$SimulationObjects.onStepSimulation - LifeSimulation:info on bacteria, dna=AAAA AAAA AAAA AGCA GCCG GAAG AAAA AAAA AAAA AGCT CCAG GAAG AAAA AAAA AAAA AGCA AGCG GAAT AAAA AAAA AAAA AGCT CCAA GAAT AAAA AAAA AAAA AAAA 
2011-08-15 13:56:58,726 [AWT-EventQueue-0] INFO  - org.berlin2.bottomuplife.life.LifeSimulation$SimulationObjects.onStepSimulation - LifeSimulation:info on bacteria, name=child-gen-5-x520-parentPos[(65,35)]
2011-08-15 13:56:58,726 [AWT-EventQueue-0] INFO  - org.berlin2.bottomuplife.life.LifeSimulation$SimulationObjects.onStepSimulation - LifeSimulation:info on bacteria, energyLevelAtCreate=1000.0 sunBurnRed:0.12 waterBlueEnergy:0.2
2011-08-15 13:56:58,726 [AWT-EventQueue-0] INFO  - org.berlin2.bottomuplife.life.LifeSimulation$SimulationObjects.onStepSimulation - LifeSimulation:COUNT_ number elements list=23
2011-08-15 13:56:59,569 [AWT-EventQueue-0] INFO  - org.berlin2.bottomuplife.life.LifeSimulation$SimulationObjects.onStepSimulation - LogUpdate [ctr:1200 t:162] NumberOfCells:23 LiveCells:23 DeadCells:0 MutationsAcrossSystem:6
2011-08-15 13:57:03,226 [AWT-EventQueue-0] INFO  - org.berlin2.bottomuplife.life.LifeSimulation$SimulationObjects.onStepSimulation - LifeSimulation:[ctr:1239 t:165] CREATE_ bacteria cell, add to list
2011-08-15 13:57:03,226 [AWT-EventQueue-0] DEBUG - org.berlin2.bottomuplife.life.LifeSimulation$SimulationObjects.onStepSimulation - LifeSimulation:info on bacteria, dna=AAAA AAAA AAAA AGCA GCCG GAAG AAAA AAAA AAAA AGCT CCAG GAAG AAAA AAAA AAAA AGCA AGCT GAAT AAAA AAAA AAAA AGCT CCAA GAAT AAAA AAAA AAAA AAAA 
2011-08-15 13:57:03,226 [AWT-EventQueue-0] INFO  - org.berlin2.bottomuplife.life.LifeSimulation$SimulationObjects.onStepSimulation - LifeSimulation:info on bacteria, name=child-gen-6-x669-parentPos[(57,49)]
2011-08-15 13:57:03,226 [AWT-EventQueue-0] INFO  - org.berlin2.bottomuplife.life.LifeSimulation$SimulationObjects.onStepSimulation - LifeSimulation:info on bacteria, energyLevelAtCreate=1000.0 sunBurnRed:0.12 waterBlueEnergy:0.2
2011-08-15 13:57:03,226 [AWT-EventQueue-0] INFO  - org.berlin2.bottomuplife.life.LifeSimulation$SimulationObjects.onStepSimulation - LifeSimulation:COUNT_ number elements list=24
2011-08-15 13:57:07,726 [AWT-EventQueue-0] INFO  - org.berlin2.bottomuplife.life.LifeSimulation$SimulationObjects.onStepSimulation - LifeSimulation:[ctr:1287 t:170] CREATE_ bacteria cell, add to list
2011-08-15 13:57:07,726 [AWT-EventQueue-0] DEBUG - org.berlin2.bottomuplife.life.LifeSimulation$SimulationObjects.onStepSimulation - LifeSimulation:info on bacteria, dna=AAAA AAAA AAAA AGCA GCCG GAAG AAAA AAAA AAAA AGCT CCAG GAAG AAAA AAAA AAAA AGCA AGCG GAAT AAAA AAAA AAAA AGCT CCAA GAAT AAAA AAAA AAAA AAAA 
2011-08-15 13:57:07,726 [AWT-EventQueue-0] INFO  - org.berlin2.bottomuplife.life.LifeSimulation$SimulationObjects.onStepSimulation - LifeSimulation:info on bacteria, name=child-gen-5-x320-parentPos[(60,63)]
2011-08-15 13:57:07,726 [AWT-EventQueue-0] INFO  - org.berlin2.bottomuplife.life.LifeSimulation$SimulationObjects.onStepSimulation - LifeSimulation:info on bacteria, energyLevelAtCreate=1000.0 sunBurnRed:0.12 waterBlueEnergy:0.2
2011-08-15 13:57:07,726 [AWT-EventQueue-0] INFO  - org.berlin2.bottomuplife.life.LifeSimulation$SimulationObjects.onStepSimulation - LifeSimulation:COUNT_ number elements list=25
2011-08-15 13:57:08,945 [AWT-EventQueue-0] INFO  - org.berlin2.bottomuplife.life.LifeSimulation$SimulationObjects.onStepSimulation - LogUpdate [ctr:1300 t:171] NumberOfCells:25 LiveCells:25 DeadCells:0 MutationsAcrossSystem:6
2011-08-15 13:57:17,851 [AWT-EventQueue-0] INFO  - org.berlin2.bottomuplife.life.LifeSimulation$SimulationObjects.onStepSimulation - LifeSimulation:[ctr:1395 t:180] CREATE_ bacteria cell, add to list
2011-08-15 13:57:17,851 [AWT-EventQueue-0] DEBUG - org.berlin2.bottomuplife.life.LifeSimulation$SimulationObjects.onStepSimulation - LifeSimulation:info on bacteria, dna=AAAA AAAA AAAA AGCA GCCG GAAG AAAA AAAA AAAA AGCT CCAG GAAG AAAA AAAA AAAA AGCA AGCG GAAT AAAA AAAA AAAA AGCT CCAA GAAT AAAA AAAA AAAA AAAA 
2011-08-15 13:57:17,851 [AWT-EventQueue-0] INFO  - org.berlin2.bottomuplife.life.LifeSimulation$SimulationObjects.onStepSimulation - LifeSimulation:info on bacteria, name=child-gen-6-x125-parentPos[(59,40)]
2011-08-15 13:57:17,851 [AWT-EventQueue-0] INFO  - org.berlin2.bottomuplife.life.LifeSimulation$SimulationObjects.onStepSimulation - LifeSimulation:info on bacteria, energyLevelAtCreate=1000.0 sunBurnRed:0.12 waterBlueEnergy:0.2
2011-08-15 13:57:17,851 [AWT-EventQueue-0] INFO  - org.berlin2.bottomuplife.life.LifeSimulation$SimulationObjects.onStepSimulation - LifeSimulation:COUNT_ number elements list=26
2011-08-15 13:57:18,039 [AWT-EventQueue-0] INFO  - org.berlin2.bottomuplife.life.LifeSimulation$SimulationObjects.onStepSimulation - LifeSimulation:[ctr:1397 t:180] CREATE_ bacteria cell, add to list
2011-08-15 13:57:18,039 [AWT-EventQueue-0] DEBUG - org.berlin2.bottomuplife.life.LifeSimulation$SimulationObjects.onStepSimulation - LifeSimulation:info on bacteria, dna=AAAA AAAA AAAA AGCA GCCG GAAG AAAA AAAA AAAA AGCT CCAG GAAG AAAA AAAA AAAA AGCA AGCG GAAT AAAA AAAA AAAA AGCT CCAA GAAT AAAA AAAA AAAA AAAA 
2011-08-15 13:57:18,039 [AWT-EventQueue-0] INFO  - org.berlin2.bottomuplife.life.LifeSimulation$SimulationObjects.onStepSimulation - LifeSimulation:info on bacteria, name=child-gen-6-x34-parentPos[(58,91)]
2011-08-15 13:57:18,039 [AWT-EventQueue-0] INFO  - org.berlin2.bottomuplife.life.LifeSimulation$SimulationObjects.onStepSimulation - LifeSimulation:info on bacteria, energyLevelAtCreate=1000.0 sunBurnRed:0.12 waterBlueEnergy:0.2
2011-08-15 13:57:18,039 [AWT-EventQueue-0] INFO  - org.berlin2.bottomuplife.life.LifeSimulation$SimulationObjects.onStepSimulation - LifeSimulation:COUNT_ number elements list=27
2011-08-15 13:57:18,320 [AWT-EventQueue-0] INFO  - org.berlin2.bottomuplife.life.LifeSimulation$SimulationObjects.onStepSimulation - LogUpdate [ctr:1400 t:180] NumberOfCells:27 LiveCells:27 DeadCells:0 MutationsAcrossSystem:6
2011-08-15 13:57:23,477 [AWT-EventQueue-0] INFO  - org.berlin2.bottomuplife.life.LifeSimulation$SimulationObjects.onStepSimulation - LifeSimulation:[ctr:1455 t:185] CREATE_ bacteria cell, add to list
2011-08-15 13:57:23,477 [AWT-EventQueue-0] DEBUG - org.berlin2.bottomuplife.life.LifeSimulation$SimulationObjects.onStepSimulation - LifeSimulation:info on bacteria, dna=AAAA AAAA AAAA AGCA GCCG GAAG AAAA AAAA AAAA AGCT CCAG GAAG AAAA AAAA AAAA AGCA AGCT GAAT AAAA AAAA AAAA AGCT CCAA GAAT AAAA AAAA AAAA AAAA 
2011-08-15 13:57:23,477 [AWT-EventQueue-0] INFO  - org.berlin2.bottomuplife.life.LifeSimulation$SimulationObjects.onStepSimulation - LifeSimulation:info on bacteria, name=child-gen-7-x558-parentPos[(63,54)]
2011-08-15 13:57:23,477 [AWT-EventQueue-0] INFO  - org.berlin2.bottomuplife.life.LifeSimulation$SimulationObjects.onStepSimulation - LifeSimulation:info on bacteria, energyLevelAtCreate=1000.0 sunBurnRed:0.12 waterBlueEnergy:0.2
2011-08-15 13:57:23,477 [AWT-EventQueue-0] INFO  - org.berlin2.bottomuplife.life.LifeSimulation$SimulationObjects.onStepSimulation - LifeSimulation:COUNT_ number elements list=28
2011-08-15 13:57:27,696 [AWT-EventQueue-0] INFO  - org.berlin2.bottomuplife.life.LifeSimulation$SimulationObjects.onStepSimulation - LogUpdate [ctr:1500 t:190] NumberOfCells:28 LiveCells:24 DeadCells:4 MutationsAcrossSystem:6
2011-08-15 13:57:27,789 [AWT-EventQueue-0] INFO  - org.berlin2.bottomuplife.life.LifeSimulation$SimulationObjects.onStepSimulation - LifeSimulation:[ctr:1501 t:190] CREATE_ bacteria cell, add to list
2011-08-15 13:57:27,789 [AWT-EventQueue-0] DEBUG - org.berlin2.bottomuplife.life.LifeSimulation$SimulationObjects.onStepSimulation - LifeSimulation:info on bacteria, dna=AAAA AAAA AAAA AGCA GCCG GAAG AAAA AAAA AAAA AGCT CCAG GAAG AAAA AAAA AAAA AGCA AGCT GAAT AAAA AAAA AAAA AGCT CCAA GAAT AAAA AAAA AAAA AAAA 
2011-08-15 13:57:27,789 [AWT-EventQueue-0] INFO  - org.berlin2.bottomuplife.life.LifeSimulation$SimulationObjects.onStepSimulation - LifeSimulation:info on bacteria, name=child-gen-6-x379-parentPos[(55,62)]
2011-08-15 13:57:27,789 [AWT-EventQueue-0] INFO  - org.berlin2.bottomuplife.life.LifeSimulation$SimulationObjects.onStepSimulation - LifeSimulation:info on bacteria, energyLevelAtCreate=851.8658520473799 sunBurnRed:0.12 waterBlueEnergy:0.2
2011-08-15 13:57:27,789 [AWT-EventQueue-0] INFO  - org.berlin2.bottomuplife.life.LifeSimulation$SimulationObjects.onStepSimulation - LifeSimulation:COUNT_ number elements list=29
2011-08-15 13:57:37,071 [AWT-EventQueue-0] INFO  - org.berlin2.bottomuplife.life.LifeSimulation$SimulationObjects.onStepSimulation - LogUpdate [ctr:1600 t:199] NumberOfCells:29 LiveCells:23 DeadCells:6 MutationsAcrossSystem:7
2011-08-15 13:57:37,446 [AWT-EventQueue-0] INFO  - org.berlin2.bottomuplife.life.LifeSimulation$SimulationObjects.onStepSimulation - LifeSimulation:[ctr:1604 t:199] CREATE_ bacteria cell, add to list
2011-08-15 13:57:37,446 [AWT-EventQueue-0] DEBUG - org.berlin2.bottomuplife.life.LifeSimulation$SimulationObjects.onStepSimulation - LifeSimulation:info on bacteria, dna=AAAA AAAA AAAA AGCA GCCG GAAG AAAA AAAA AAAA AGCT CCAG GAAG AAAA AAAA AAAA AGCA AGCG GAAT AAAA AAAA AAAA AGCT CCAA GAAT AAAA AAAA AAAA AAAA 
2011-08-15 13:57:37,446 [AWT-EventQueue-0] INFO  - org.berlin2.bottomuplife.life.LifeSimulation$SimulationObjects.onStepSimulation - LifeSimulation:info on bacteria, name=child-gen-7-x738-parentPos[(65,44)]
2011-08-15 13:57:37,446 [AWT-EventQueue-0] INFO  - org.berlin2.bottomuplife.life.LifeSimulation$SimulationObjects.onStepSimulation - LifeSimulation:info on bacteria, energyLevelAtCreate=1000.0 sunBurnRed:0.12 waterBlueEnergy:0.2
2011-08-15 13:57:37,446 [AWT-EventQueue-0] INFO  - org.berlin2.bottomuplife.life.LifeSimulation$SimulationObjects.onStepSimulation - LifeSimulation:COUNT_ number elements list=30
2011-08-15 13:57:37,821 [AWT-EventQueue-0] INFO  - org.berlin2.bottomuplife.life.LifeSimulation$SimulationObjects.onStepSimulation - LifeSimulation:[ctr:1608 t:200] CREATE_ bacteria cell, add to list
2011-08-15 13:57:37,821 [AWT-EventQueue-0] DEBUG - org.berlin2.bottomuplife.life.LifeSimulation$SimulationObjects.onStepSimulation - LifeSimulation:info on bacteria, dna=AAAA AAAA AAAA AGCA GCCG GAAG AAAA AAAA AAAA AGCT CCAG GAAG AAAA AAAA AAAA AGCA AGCG GAAT AAAA AAAA AAAA AGCT CCAA GAAT AAAA AAAA AAAA AAAA 
2011-08-15 13:57:37,821 [AWT-EventQueue-0] INFO  - org.berlin2.bottomuplife.life.LifeSimulation$SimulationObjects.onStepSimulation - LifeSimulation:info on bacteria, name=child-gen-7-x480-parentPos[(63,86)]
2011-08-15 13:57:37,821 [AWT-EventQueue-0] INFO  - org.berlin2.bottomuplife.life.LifeSimulation$SimulationObjects.onStepSimulation - LifeSimulation:info on bacteria, energyLevelAtCreate=2129.5739355170804 sunBurnRed:0.12 waterBlueEnergy:0.2
2011-08-15 13:57:37,821 [AWT-EventQueue-0] INFO  - org.berlin2.bottomuplife.life.LifeSimulation$SimulationObjects.onStepSimulation - LifeSimulation:COUNT_ number elements list=31
2011-08-15 13:57:43,071 [AWT-EventQueue-0] INFO  - org.berlin2.bottomuplife.life.LifeSimulation$SimulationObjects.onStepSimulation - LifeSimulation:[ctr:1664 t:205] CREATE_ bacteria cell, add to list
2011-08-15 13:57:43,071 [AWT-EventQueue-0] DEBUG - org.berlin2.bottomuplife.life.LifeSimulation$SimulationObjects.onStepSimulation - LifeSimulation:info on bacteria, dna=AAAA AAAA AAAA AGCA GCCG GAAG AAAA AAAA AAAA AGCT CCAG GAAG AAAA AAAA AAAA AGCA AGCG GAAT AAAA AAAA AAAA AGCT CCAA GAAT AAAA AAAA AAAA AAAA 
2011-08-15 13:57:43,071 [AWT-EventQueue-0] INFO  - org.berlin2.bottomuplife.life.LifeSimulation$SimulationObjects.onStepSimulation - LifeSimulation:info on bacteria, name=child-gen-8-x429-parentPos[(58,59)]
2011-08-15 13:57:43,071 [AWT-EventQueue-0] INFO  - org.berlin2.bottomuplife.life.LifeSimulation$SimulationObjects.onStepSimulation - LifeSimulation:info on bacteria, energyLevelAtCreate=2105.9317267694773 sunBurnRed:0.12 waterBlueEnergy:0.2
2011-08-15 13:57:43,071 [AWT-EventQueue-0] INFO  - org.berlin2.bottomuplife.life.LifeSimulation$SimulationObjects.onStepSimulation - LifeSimulation:COUNT_ number elements list=32
2011-08-15 13:57:44,852 [AWT-EventQueue-0] INFO  - org.berlin2.bottomuplife.life.LifeSimulation$SimulationObjects.onStepSimulation - LifeSimulation:[ctr:1683 t:207] CREATE_ bacteria cell, add to list
2011-08-15 13:57:44,852 [AWT-EventQueue-0] DEBUG - org.berlin2.bottomuplife.life.LifeSimulation$SimulationObjects.onStepSimulation - LifeSimulation:info on bacteria, dna=AAAA AAAA AAAA AGCA GCCG GAAG AAAA AAAA AAAA AGCT CCAG GAAG AAAA AAAA AAAA AGCA AGCT GAAT AAAA AAAA AAAA AGCT CCAA GAAT AAAA AAAA AAAA AAAA 
2011-08-15 13:57:44,852 [AWT-EventQueue-0] INFO  - org.berlin2.bottomuplife.life.LifeSimulation$SimulationObjects.onStepSimulation - LifeSimulation:info on bacteria, name=child-gen-7-x961-parentPos[(60,63)]
2011-08-15 13:57:44,852 [AWT-EventQueue-0] INFO  - org.berlin2.bottomuplife.life.LifeSimulation$SimulationObjects.onStepSimulation - LifeSimulation:info on bacteria, energyLevelAtCreate=1000.0 sunBurnRed:0.12 waterBlueEnergy:0.2
2011-08-15 13:57:44,852 [AWT-EventQueue-0] INFO  - org.berlin2.bottomuplife.life.LifeSimulation$SimulationObjects.onStepSimulation - LifeSimulation:COUNT_ number elements list=33
2011-08-15 13:57:46,446 [AWT-EventQueue-0] INFO  - org.berlin2.bottomuplife.life.LifeSimulation$SimulationObjects.onStepSimulation - LogUpdate [ctr:1700 t:208] NumberOfCells:33 LiveCells:26 DeadCells:7 MutationsAcrossSystem:9
2011-08-15 13:57:55,822 [AWT-EventQueue-0] INFO  - org.berlin2.bottomuplife.life.LifeSimulation$SimulationObjects.onStepSimulation - LogUpdate [ctr:1800 t:218] NumberOfCells:33 LiveCells:26 DeadCells:7 MutationsAcrossSystem:9
2011-08-15 13:57:56,572 [AWT-EventQueue-0] INFO  - org.berlin2.bottomuplife.life.LifeSimulation$SimulationObjects.onStepSimulation - LifeSimulation:[ctr:1808 t:219] CREATE_ bacteria cell, add to list
2011-08-15 13:57:56,572 [AWT-EventQueue-0] DEBUG - org.berlin2.bottomuplife.life.LifeSimulation$SimulationObjects.onStepSimulation - LifeSimulation:info on bacteria, dna=AAAA AAAA AAAA AGCA GCCG GAAG AAAA AAAA AAAA AGCT CCAG GAAG AAAA AAAA AAAA AGCA AGCG GAAT AAAA AAAA AAAA AGCT CCAA GAAT AAAA AAAA AAAA AAAA 
2011-08-15 13:57:56,572 [AWT-EventQueue-0] INFO  - org.berlin2.bottomuplife.life.LifeSimulation$SimulationObjects.onStepSimulation - LifeSimulation:info on bacteria, name=child-gen-8-x909-parentPos[(70,39)]
2011-08-15 13:57:56,572 [AWT-EventQueue-0] INFO  - org.berlin2.bottomuplife.life.LifeSimulation$SimulationObjects.onStepSimulation - LifeSimulation:info on bacteria, energyLevelAtCreate=1000.0 sunBurnRed:0.12 waterBlueEnergy:0.2
2011-08-15 13:57:56,572 [AWT-EventQueue-0] INFO  - org.berlin2.bottomuplife.life.LifeSimulation$SimulationObjects.onStepSimulation - LifeSimulation:COUNT_ number elements list=34
2011-08-15 14:05:22,214 [AWT-EventQueue-0] INFO  - org.berlin2.bottomuplife.life.LifeSimulation$SimulationObjects.onStepSimulation - LifeSimulation:[ctr:1884 t:664] CREATE_ bacteria cell, add to list
2011-08-15 14:05:22,214 [AWT-EventQueue-0] DEBUG - org.berlin2.bottomuplife.life.LifeSimulation$SimulationObjects.onStepSimulation - LifeSimulation:info on bacteria, dna=AAAA AAAA AAAA AGCA GCCG GAAG AAAA AAAA AAAA AGCT CCAG GAAG AAAA AAAA AAAA AGCA AGCT GAAT AAAA AAAA AAAA AGCT CCAA GAAT AAAA AAAA AAAA AAAA 
2011-08-15 14:05:22,214 [AWT-EventQueue-0] INFO  - org.berlin2.bottomuplife.life.LifeSimulation$SimulationObjects.onStepSimulation - LifeSimulation:info on bacteria, name=child-gen-8-x637-parentPos[(65,69)]
2011-08-15 14:05:22,214 [AWT-EventQueue-0] INFO  - org.berlin2.bottomuplife.life.LifeSimulation$SimulationObjects.onStepSimulation - LifeSimulation:info on bacteria, energyLevelAtCreate=1000.0 sunBurnRed:0.12 waterBlueEnergy:0.2
2011-08-15 14:05:22,214 [AWT-EventQueue-0] INFO  - org.berlin2.bottomuplife.life.LifeSimulation$SimulationObjects.onStepSimulation - LifeSimulation:COUNT_ number elements list=35
2011-08-15 14:05:23,714 [AWT-EventQueue-0] INFO  - org.berlin2.bottomuplife.life.LifeSimulation$SimulationObjects.onStepSimulation - LogUpdate [ctr:1900 t:666] NumberOfCells:35 LiveCells:27 DeadCells:8 MutationsAcrossSystem:9
2011-08-15 14:05:33,089 [AWT-EventQueue-0] INFO  - org.berlin2.bottomuplife.life.LifeSimulation$SimulationObjects.onStepSimulation - LogUpdate [ctr:2000 t:675] NumberOfCells:35 LiveCells:27 DeadCells:8 MutationsAcrossSystem:9
2011-08-15 14:05:34,121 [AWT-EventQueue-0] INFO  - org.berlin2.bottomuplife.life.LifeSimulation$SimulationObjects.onStepSimulation - LifeSimulation:[ctr:2011 t:676] CREATE_ bacteria cell, add to list
2011-08-15 14:05:34,121 [AWT-EventQueue-0] DEBUG - org.berlin2.bottomuplife.life.LifeSimulation$SimulationObjects.onStepSimulation - LifeSimulation:info on bacteria, dna=AAAA AAAA AAAA AGCA GCCG GAAG AAAA AAAA AAAA AGCT CCAG GAAG AAAA AAAA AAAA AGCA AGCG GAAT AAAA AAAA AAAA AGCT CCAA GAAT AAAA AAAA AAAA AAAA 
2011-08-15 14:05:34,121 [AWT-EventQueue-0] INFO  - org.berlin2.bottomuplife.life.LifeSimulation$SimulationObjects.onStepSimulation - LifeSimulation:info on bacteria, name=child-gen-9-x403-parentPos[(66,44)]
2011-08-15 14:05:34,121 [AWT-EventQueue-0] INFO  - org.berlin2.bottomuplife.life.LifeSimulation$SimulationObjects.onStepSimulation - LifeSimulation:info on bacteria, energyLevelAtCreate=1000.0 sunBurnRed:0.12 waterBlueEnergy:0.2
2011-08-15 14:05:34,121 [AWT-EventQueue-0] INFO  - org.berlin2.bottomuplife.life.LifeSimulation$SimulationObjects.onStepSimulation - LifeSimulation:COUNT_ number elements list=36
2011-08-15 14:05:36,839 [AWT-EventQueue-0] INFO  - org.berlin2.bottomuplife.life.LifeSimulation$SimulationObjects.onStepSimulation - LifeSimulation:[ctr:2040 t:679] CREATE_ bacteria cell, add to list
2011-08-15 14:05:36,839 [AWT-EventQueue-0] DEBUG - org.berlin2.bottomuplife.life.LifeSimulation$SimulationObjects.onStepSimulation - LifeSimulation:info on bacteria, dna=AAAA AAAA AAAA AGCA GCCG GAAG AAAA AAAA AAAA AGCT CCAG GAAG AAAA AAAA AAAA AGCA AGCG GAAT AAAA AAAA AAAA AGCT CCAA GAAT AAAA AAAA AAAA AAAA 
2011-08-15 14:05:36,839 [AWT-EventQueue-0] INFO  - org.berlin2.bottomuplife.life.LifeSimulation$SimulationObjects.onStepSimulation - LifeSimulation:info on bacteria, name=child-gen-8-x307-parentPos[(63,92)]
2011-08-15 14:05:36,839 [AWT-EventQueue-0] INFO  - org.berlin2.bottomuplife.life.LifeSimulation$SimulationObjects.onStepSimulation - LifeSimulation:info on bacteria, energyLevelAtCreate=4603.706994852982 sunBurnRed:0.12 waterBlueEnergy:0.2
2011-08-15 14:05:36,839 [AWT-EventQueue-0] INFO  - org.berlin2.bottomuplife.life.LifeSimulation$SimulationObjects.onStepSimulation - LifeSimulation:COUNT_ number elements list=37
2011-08-15 14:05:42,183 [AWT-EventQueue-0] INFO  - org.berlin2.bottomuplife.life.LifeSimulation$SimulationObjects.onStepSimulation - LifeSimulation:[ctr:2097 t:684] CREATE_ bacteria cell, add to list
2011-08-15 14:05:42,183 [AWT-EventQueue-0] DEBUG - org.berlin2.bottomuplife.life.LifeSimulation$SimulationObjects.onStepSimulation - LifeSimulation:info on bacteria, dna=AAAA AAAA AAAA AGCA GCCG GAAG AAAA AAAA AAAA AGCT CCAG GAAG AAAA AAAA AAAA AGCA AGCT GAAT AAAA AAAA AAAA AGCT CCAA GAAT AAAA AAAA AAAA AAAA 
2011-08-15 14:05:42,183 [AWT-EventQueue-0] INFO  - org.berlin2.bottomuplife.life.LifeSimulation$SimulationObjects.onStepSimulation - LifeSimulation:info on bacteria, name=child-gen-9-x186-parentPos[(61,75)]
2011-08-15 14:05:42,183 [AWT-EventQueue-0] INFO  - org.berlin2.bottomuplife.life.LifeSimulation$SimulationObjects.onStepSimulation - LifeSimulation:info on bacteria, energyLevelAtCreate=1000.0 sunBurnRed:0.12 waterBlueEnergy:0.2
2011-08-15 14:05:42,183 [AWT-EventQueue-0] INFO  - org.berlin2.bottomuplife.life.LifeSimulation$SimulationObjects.onStepSimulation - LifeSimulation:COUNT_ number elements list=38
2011-08-15 14:05:42,465 [AWT-EventQueue-0] INFO  - org.berlin2.bottomuplife.life.LifeSimulation$SimulationObjects.onStepSimulation - LogUpdate [ctr:2100 t:684] NumberOfCells:38 LiveCells:27 DeadCells:11 MutationsAcrossSystem:10
2011-08-15 14:05:42,652 [AWT-EventQueue-0] INFO  - org.berlin2.bottomuplife.life.LifeSimulation$SimulationObjects.onStepSimulation - LifeSimulation:[ctr:2102 t:685] CREATE_ bacteria cell, add to list
2011-08-15 14:05:42,652 [AWT-EventQueue-0] DEBUG - org.berlin2.bottomuplife.life.LifeSimulation$SimulationObjects.onStepSimulation - LifeSimulation:info on bacteria, dna=AAAA AAAA AAAA AGCA GCCG GAAG AAAA AAAA AAAA AGCT CCAG GAAG AAAA AAAA AAAA AGCA AGCG GAAT AAAA AAAA AAAA AGCT CCAA GAAT AAAA AAAA AAAA AAAA 
2011-08-15 14:05:42,652 [AWT-EventQueue-0] INFO  - org.berlin2.bottomuplife.life.LifeSimulation$SimulationObjects.onStepSimulation - LifeSimulation:info on bacteria, name=child-gen-9-x462-parentPos[(63,59)]
2011-08-15 14:05:42,652 [AWT-EventQueue-0] INFO  - org.berlin2.bottomuplife.life.LifeSimulation$SimulationObjects.onStepSimulation - LifeSimulation:info on bacteria, energyLevelAtCreate=1000.0 sunBurnRed:0.12 waterBlueEnergy:0.2
2011-08-15 14:05:42,652 [AWT-EventQueue-0] INFO  - org.berlin2.bottomuplife.life.LifeSimulation$SimulationObjects.onStepSimulation - LifeSimulation:COUNT_ number elements list=39
2011-08-15 14:05:51,840 [AWT-EventQueue-0] INFO  - org.berlin2.bottomuplife.life.LifeSimulation$SimulationObjects.onStepSimulation - LogUpdate [ctr:2200 t:694] NumberOfCells:39 LiveCells:24 DeadCells:15 MutationsAcrossSystem:10
2011-08-15 14:05:53,996 [AWT-EventQueue-0] INFO  - org.berlin2.bottomuplife.life.LifeSimulation$SimulationObjects.onStepSimulation - LifeSimulation:[ctr:2223 t:696] CREATE_ bacteria cell, add to list
2011-08-15 14:05:53,996 [AWT-EventQueue-0] DEBUG - org.berlin2.bottomuplife.life.LifeSimulation$SimulationObjects.onStepSimulation - LifeSimulation:info on bacteria, dna=AAAA AAAA AAAA AGCA GCCG GAAG AAAA AAAA AAAA AGCT CCAG GAAG AAAA AAAA AAAA AGCA AGCG GAAT AAAA AAAA AAAA AGCT CCAA GAAT AAAA AAAA AAAA AAAA 
2011-08-15 14:05:53,996 [AWT-EventQueue-0] INFO  - org.berlin2.bottomuplife.life.LifeSimulation$SimulationObjects.onStepSimulation - LifeSimulation:info on bacteria, name=child-gen-10-x214-parentPos[(61,50)]
2011-08-15 14:05:53,996 [AWT-EventQueue-0] INFO  - org.berlin2.bottomuplife.life.LifeSimulation$SimulationObjects.onStepSimulation - LifeSimulation:info on bacteria, energyLevelAtCreate=1000.0 sunBurnRed:0.12 waterBlueEnergy:0.2
2011-08-15 14:05:53,996 [AWT-EventQueue-0] INFO  - org.berlin2.bottomuplife.life.LifeSimulation$SimulationObjects.onStepSimulation - LifeSimulation:COUNT_ number elements list=40
2011-08-15 15:26:57,761 [AWT-EventQueue-0] INFO  - org.berlin2.bottomuplife.life.LifeSimulation$SimulationObjects.initAllElements - LifeSimulation [INIT SIMULATION] ********************** Mon Aug 15 15:26:57 EDT 2011
2011-08-15 15:26:57,871 [AWT-EventQueue-0] INFO  - org.berlin2.bottomuplife.life.LifeSimulation$SimulationObjects.initAllElements - LifeSimulation - initAll Elements - sizeOfBacteriaElements:6
2011-08-15 15:26:57,871 [AWT-EventQueue-0] INFO  - org.berlin2.bottomuplife.life.LifeSimulation$SimulationObjects.initAllElements - LifeSimulation - initAll Elements - sizeOfFoodElements:19
2011-08-15 15:26:57,917 [AWT-EventQueue-0] INFO  - org.berlin2.bottomuplife.life.LifeSimulation$SimulationObjects.onStepSimulation - LogUpdate [ctr:0 t:0] NumberOfCells:6 LiveCells:6 DeadCells:0 MutationsAcrossSystem:0
2011-08-15 15:26:58,058 [AWT-EventQueue-0] INFO  - org.berlin2.bottomuplife.life.LifeSimulation$SimulationObjects.onStepSimulation - LogUpdate [ctr:0 t:0] NumberOfCells:6 LiveCells:6 DeadCells:0 MutationsAcrossSystem:0
2011-08-15 15:30:31,066 [AWT-EventQueue-0] INFO  - org.berlin2.bottomuplife.life.LifeSimulation$SimulationObjects.onStepSimulation - LogUpdate [ctr:100 t:213] NumberOfCells:6 LiveCells:6 DeadCells:0 MutationsAcrossSystem:0
2011-08-15 15:30:40,442 [AWT-EventQueue-0] INFO  - org.berlin2.bottomuplife.life.LifeSimulation$SimulationObjects.onStepSimulation - LogUpdate [ctr:200 t:222] NumberOfCells:6 LiveCells:6 DeadCells:0 MutationsAcrossSystem:0
2011-08-15 15:30:40,629 [AWT-EventQueue-0] INFO  - org.berlin2.bottomuplife.life.LifeSimulation$SimulationObjects.onStepSimulation - LifeSimulation:[ctr:202 t:223] CREATE_ bacteria cell, add to list
2011-08-15 15:30:40,629 [AWT-EventQueue-0] DEBUG - org.berlin2.bottomuplife.life.LifeSimulation$SimulationObjects.onStepSimulation - LifeSimulation:info on bacteria, dna=AAAA AAAA AAAA AGCA GCCG GAAG AAAA AAAA AAAA AGCT CCAG GAAG AAAA AAAA AAAA AGCA AGCG GAAT AAAA AAAA AAAA AGCT CCAA GAAT AAAA AAAA AAAA AAAA 
2011-08-15 15:30:40,629 [AWT-EventQueue-0] INFO  - org.berlin2.bottomuplife.life.LifeSimulation$SimulationObjects.onStepSimulation - LifeSimulation:info on bacteria, name=child-gen-1-x610-parentPos[(49,69)]
2011-08-15 15:30:40,629 [AWT-EventQueue-0] INFO  - org.berlin2.bottomuplife.life.LifeSimulation$SimulationObjects.onStepSimulation - LifeSimulation:info on bacteria, energyLevelAtCreate=1000.0 sunBurnRed:0.12 waterBlueEnergy:0.2
2011-08-15 15:30:40,629 [AWT-EventQueue-0] INFO  - org.berlin2.bottomuplife.life.LifeSimulation$SimulationObjects.onStepSimulation - LifeSimulation:COUNT_ number elements list=7
2011-08-15 15:30:40,817 [AWT-EventQueue-0] INFO  - org.berlin2.bottomuplife.life.LifeSimulation$SimulationObjects.onStepSimulation - LifeSimulation:[ctr:204 t:223] CREATE_ bacteria cell, add to list
2011-08-15 15:30:40,817 [AWT-EventQueue-0] DEBUG - org.berlin2.bottomuplife.life.LifeSimulation$SimulationObjects.onStepSimulation - LifeSimulation:info on bacteria, dna=AAAA AAAA AAAA AGCA GCCG GAAG AAAA AAAA AAAA AGCT CCAG GAAG AAAA AAAA AAAA AGCA AGCG GAAT AAAA AAAA AAAA AGCT CCAA GAAT AAAA AAAA AAAA AAAA 
2011-08-15 15:30:40,817 [AWT-EventQueue-0] INFO  - org.berlin2.bottomuplife.life.LifeSimulation$SimulationObjects.onStepSimulation - LifeSimulation:info on bacteria, name=child-gen-1-x389-parentPos[(46,39)]
2011-08-15 15:30:40,817 [AWT-EventQueue-0] INFO  - org.berlin2.bottomuplife.life.LifeSimulation$SimulationObjects.onStepSimulation - LifeSimulation:info on bacteria, energyLevelAtCreate=1000.0 sunBurnRed:0.12 waterBlueEnergy:0.2
2011-08-15 15:30:40,817 [AWT-EventQueue-0] INFO  - org.berlin2.bottomuplife.life.LifeSimulation$SimulationObjects.onStepSimulation - LifeSimulation:COUNT_ number elements list=8
2011-08-15 15:30:41,020 [AWT-EventQueue-0] INFO  - org.berlin2.bottomuplife.life.LifeSimulation$SimulationObjects.onStepSimulation - LifeSimulation:[ctr:206 t:223] CREATE_ bacteria cell, add to list
2011-08-15 15:30:41,020 [AWT-EventQueue-0] DEBUG - org.berlin2.bottomuplife.life.LifeSimulation$SimulationObjects.onStepSimulation - LifeSimulation:info on bacteria, dna=AAAA AAAA AAAA AGCA GCCG GAAG AAAA AAAA AAAA AGCT CCAG GAAG AAAA AAAA AAAA AGCA AGCG GAAT AAAA AAAA AAAA AGCT CCAA GAAT AAAA AAAA AAAA AAAA 
2011-08-15 15:30:41,020 [AWT-EventQueue-0] INFO  - org.berlin2.bottomuplife.life.LifeSimulation$SimulationObjects.onStepSimulation - LifeSimulation:info on bacteria, name=child-gen-1-x320-parentPos[(47,56)]
2011-08-15 15:30:41,020 [AWT-EventQueue-0] INFO  - org.berlin2.bottomuplife.life.LifeSimulation$SimulationObjects.onStepSimulation - LifeSimulation:info on bacteria, energyLevelAtCreate=2079.3567774553017 sunBurnRed:0.12 waterBlueEnergy:0.2
2011-08-15 15:30:41,020 [AWT-EventQueue-0] INFO  - org.berlin2.bottomuplife.life.LifeSimulation$SimulationObjects.onStepSimulation - LifeSimulation:COUNT_ number elements list=9
2011-08-15 15:30:41,567 [AWT-EventQueue-0] INFO  - org.berlin2.bottomuplife.life.LifeSimulation$SimulationObjects.onStepSimulation - LifeSimulation:[ctr:212 t:223] CREATE_ bacteria cell, add to list
2011-08-15 15:30:41,567 [AWT-EventQueue-0] DEBUG - org.berlin2.bottomuplife.life.LifeSimulation$SimulationObjects.onStepSimulation - LifeSimulation:info on bacteria, dna=AAAA AAAA AAAA AGCA GCCG GAAG AAAA AAAA AAAA AGCT CCAG GAAG AAAA AAAA AAAA AGCA AGCG GAAT AAAA AAAA AAAA AGCT CCAA GAAT AAAA AAAA AAAA AAAA 
2011-08-15 15:30:41,567 [AWT-EventQueue-0] INFO  - org.berlin2.bottomuplife.life.LifeSimulation$SimulationObjects.onStepSimulation - LifeSimulation:info on bacteria, name=child-gen-1-x490-parentPos[(49,68)]
2011-08-15 15:30:41,567 [AWT-EventQueue-0] INFO  - org.berlin2.bottomuplife.life.LifeSimulation$SimulationObjects.onStepSimulation - LifeSimulation:info on bacteria, energyLevelAtCreate=1000.0 sunBurnRed:0.12 waterBlueEnergy:0.2
2011-08-15 15:30:41,567 [AWT-EventQueue-0] INFO  - org.berlin2.bottomuplife.life.LifeSimulation$SimulationObjects.onStepSimulation - LifeSimulation:COUNT_ number elements list=10
2011-08-15 15:30:41,660 [AWT-EventQueue-0] INFO  - org.berlin2.bottomuplife.life.LifeSimulation$SimulationObjects.onStepSimulation - LifeSimulation:[ctr:213 t:224] CREATE_ bacteria cell, add to list
2011-08-15 15:30:41,660 [AWT-EventQueue-0] DEBUG - org.berlin2.bottomuplife.life.LifeSimulation$SimulationObjects.onStepSimulation - LifeSimulation:info on bacteria, dna=AAAA AAAA AAAA AGCA GCCG GAAG AAAA AAAA AAAA AGCT CCAG GAAG AAAA AAAA AAAA AGCA AGCG GAAT AAAA AAAA AAAA AGCT CCAA GAAT AAAA AAAA AAAA AAAA 
2011-08-15 15:30:41,660 [AWT-EventQueue-0] INFO  - org.berlin2.bottomuplife.life.LifeSimulation$SimulationObjects.onStepSimulation - LifeSimulation:info on bacteria, name=child-gen-1-x628-parentPos[(91,27)]
2011-08-15 15:30:41,660 [AWT-EventQueue-0] INFO  - org.berlin2.bottomuplife.life.LifeSimulation$SimulationObjects.onStepSimulation - LifeSimulation:info on bacteria, energyLevelAtCreate=1000.0 sunBurnRed:0.12 waterBlueEnergy:0.2
2011-08-15 15:30:41,660 [AWT-EventQueue-0] INFO  - org.berlin2.bottomuplife.life.LifeSimulation$SimulationObjects.onStepSimulation - LifeSimulation:COUNT_ number elements list=11
2011-08-15 15:30:49,817 [AWT-EventQueue-0] INFO  - org.berlin2.bottomuplife.life.LifeSimulation$SimulationObjects.onStepSimulation - LogUpdate [ctr:300 t:232] NumberOfCells:11 LiveCells:11 DeadCells:0 MutationsAcrossSystem:1
2011-08-15 15:30:59,192 [AWT-EventQueue-0] INFO  - org.berlin2.bottomuplife.life.LifeSimulation$SimulationObjects.onStepSimulation - LogUpdate [ctr:400 t:241] NumberOfCells:11 LiveCells:11 DeadCells:0 MutationsAcrossSystem:1
2011-08-15 15:31:00,411 [AWT-EventQueue-0] INFO  - org.berlin2.bottomuplife.life.LifeSimulation$SimulationObjects.onStepSimulation - LifeSimulation:[ctr:413 t:242] CREATE_ bacteria cell, add to list
2011-08-15 15:31:00,411 [AWT-EventQueue-0] DEBUG - org.berlin2.bottomuplife.life.LifeSimulation$SimulationObjects.onStepSimulation - LifeSimulation:info on bacteria, dna=AAAA AAAA AAAA AGCA GCCG GAAG AAAA AAAA AAAA AGCT CCAG GAAG AAAA AAAA AAAA AGCA AGCG GAAT AAAA AAAA AAAA AGCT CCAA GAAT AAAA AAAA AAAA AAAA 
2011-08-15 15:31:00,411 [AWT-EventQueue-0] INFO  - org.berlin2.bottomuplife.life.LifeSimulation$SimulationObjects.onStepSimulation - LifeSimulation:info on bacteria, name=child-gen-2-x328-parentPos[(52,44)]
2011-08-15 15:31:00,411 [AWT-EventQueue-0] INFO  - org.berlin2.bottomuplife.life.LifeSimulation$SimulationObjects.onStepSimulation - LifeSimulation:info on bacteria, energyLevelAtCreate=1000.0 sunBurnRed:0.12 waterBlueEnergy:0.2
2011-08-15 15:31:00,411 [AWT-EventQueue-0] INFO  - org.berlin2.bottomuplife.life.LifeSimulation$SimulationObjects.onStepSimulation - LifeSimulation:COUNT_ number elements list=12
2011-08-15 15:31:00,880 [AWT-EventQueue-0] INFO  - org.berlin2.bottomuplife.life.LifeSimulation$SimulationObjects.onStepSimulation - LifeSimulation:[ctr:418 t:243] CREATE_ bacteria cell, add to list
2011-08-15 15:31:00,880 [AWT-EventQueue-0] DEBUG - org.berlin2.bottomuplife.life.LifeSimulation$SimulationObjects.onStepSimulation - LifeSimulation:info on bacteria, dna=AAAA AAAA AAAA AGCA GCCG GAAG AAAA AAAA AAAA AGCT CCAG GAAG AAAA AAAA AAAA AGCA AGCG GAAT AAAA AAAA AAAA AGCT CCAA GAAT AAAA AAAA AAAA AAAA 
2011-08-15 15:31:00,880 [AWT-EventQueue-0] INFO  - org.berlin2.bottomuplife.life.LifeSimulation$SimulationObjects.onStepSimulation - LifeSimulation:info on bacteria, name=child-gen-2-x465-parentPos[(55,62)]
2011-08-15 15:31:00,880 [AWT-EventQueue-0] INFO  - org.berlin2.bottomuplife.life.LifeSimulation$SimulationObjects.onStepSimulation - LifeSimulation:info on bacteria, energyLevelAtCreate=1000.0 sunBurnRed:0.12 waterBlueEnergy:0.2
2011-08-15 15:31:00,880 [AWT-EventQueue-0] INFO  - org.berlin2.bottomuplife.life.LifeSimulation$SimulationObjects.onStepSimulation - LifeSimulation:COUNT_ number elements list=13
2011-08-15 15:31:02,380 [AWT-EventQueue-0] INFO  - org.berlin2.bottomuplife.life.LifeSimulation$SimulationObjects.onStepSimulation - LifeSimulation:[ctr:434 t:244] CREATE_ bacteria cell, add to list
2011-08-15 15:31:02,380 [AWT-EventQueue-0] DEBUG - org.berlin2.bottomuplife.life.LifeSimulation$SimulationObjects.onStepSimulation - LifeSimulation:info on bacteria, dna=AAAA AAAA AAAA AGCA GCCG GAAG AAAA AAAA AAAA AGCT CCAG GAAG AAAA AAAA AAAA AGCA AGCT GAAT AAAA AAAA AAAA AGCT CCAA GAAT AAAA AAAA AAAA AAAA 
2011-08-15 15:31:02,380 [AWT-EventQueue-0] INFO  - org.berlin2.bottomuplife.life.LifeSimulation$SimulationObjects.onStepSimulation - LifeSimulation:info on bacteria, name=child-gen-2-x950-parentPos[(54,64)]
2011-08-15 15:31:02,380 [AWT-EventQueue-0] INFO  - org.berlin2.bottomuplife.life.LifeSimulation$SimulationObjects.onStepSimulation - LifeSimulation:info on bacteria, energyLevelAtCreate=811.7870684898858 sunBurnRed:0.12 waterBlueEnergy:0.2
2011-08-15 15:31:02,380 [AWT-EventQueue-0] INFO  - org.berlin2.bottomuplife.life.LifeSimulation$SimulationObjects.onStepSimulation - LifeSimulation:COUNT_ number elements list=14
2011-08-15 15:31:08,568 [AWT-EventQueue-0] INFO  - org.berlin2.bottomuplife.life.LifeSimulation$SimulationObjects.onStepSimulation - LogUpdate [ctr:500 t:250] NumberOfCells:14 LiveCells:14 DeadCells:0 MutationsAcrossSystem:2
2011-08-15 15:31:17,943 [AWT-EventQueue-0] INFO  - org.berlin2.bottomuplife.life.LifeSimulation$SimulationObjects.onStepSimulation - LogUpdate [ctr:600 t:260] NumberOfCells:14 LiveCells:14 DeadCells:0 MutationsAcrossSystem:2
2011-08-15 15:31:18,037 [AWT-EventQueue-0] INFO  - org.berlin2.bottomuplife.life.LifeSimulation$SimulationObjects.onStepSimulation - LifeSimulation:[ctr:601 t:260] CREATE_ bacteria cell, add to list
2011-08-15 15:31:18,037 [AWT-EventQueue-0] DEBUG - org.berlin2.bottomuplife.life.LifeSimulation$SimulationObjects.onStepSimulation - LifeSimulation:info on bacteria, dna=AAAA AAAA AAAA AGCA GCCG GAAG AAAA AAAA AAAA AGCT CCAG GAAG AAAA AAAA AAAA AGCA AGCT GAAT AAAA AAAA AAAA AGCT CCAA GAAT AAAA AAAA AAAA AAAA 
2011-08-15 15:31:18,037 [AWT-EventQueue-0] INFO  - org.berlin2.bottomuplife.life.LifeSimulation$SimulationObjects.onStepSimulation - LifeSimulation:info on bacteria, name=child-gen-3-x836-parentPos[(58,65)]
2011-08-15 15:31:18,037 [AWT-EventQueue-0] INFO  - org.berlin2.bottomuplife.life.LifeSimulation$SimulationObjects.onStepSimulation - LifeSimulation:info on bacteria, energyLevelAtCreate=1000.0 sunBurnRed:0.12 waterBlueEnergy:0.2
2011-08-15 15:31:18,037 [AWT-EventQueue-0] INFO  - org.berlin2.bottomuplife.life.LifeSimulation$SimulationObjects.onStepSimulation - LifeSimulation:COUNT_ number elements list=15
2011-08-15 15:31:20,396 [AWT-EventQueue-0] INFO  - org.berlin2.bottomuplife.life.LifeSimulation$SimulationObjects.onStepSimulation - LifeSimulation:[ctr:626 t:262] CREATE_ bacteria cell, add to list
2011-08-15 15:31:20,396 [AWT-EventQueue-0] DEBUG - org.berlin2.bottomuplife.life.LifeSimulation$SimulationObjects.onStepSimulation - LifeSimulation:info on bacteria, dna=AAAA AAAA AAAA AGCA GCCG GAAG AAAA AAAA AAAA AGCT CCAG GAAG AAAA AAAA AAAA AGCA AGCG GAAT AAAA AAAA AAAA AGCT CCAA GAAT AAAA AAAA AAAA AAAA 
2011-08-15 15:31:20,396 [AWT-EventQueue-0] INFO  - org.berlin2.bottomuplife.life.LifeSimulation$SimulationObjects.onStepSimulation - LifeSimulation:info on bacteria, name=child-gen-3-x517-parentPos[(57,49)]
2011-08-15 15:31:20,396 [AWT-EventQueue-0] INFO  - org.berlin2.bottomuplife.life.LifeSimulation$SimulationObjects.onStepSimulation - LifeSimulation:info on bacteria, energyLevelAtCreate=1000.0 sunBurnRed:0.12 waterBlueEnergy:0.2
2011-08-15 15:31:20,396 [AWT-EventQueue-0] INFO  - org.berlin2.bottomuplife.life.LifeSimulation$SimulationObjects.onStepSimulation - LifeSimulation:COUNT_ number elements list=16
2011-08-15 15:31:20,959 [AWT-EventQueue-0] INFO  - org.berlin2.bottomuplife.life.LifeSimulation$SimulationObjects.onStepSimulation - LifeSimulation:[ctr:632 t:263] CREATE_ bacteria cell, add to list
2011-08-15 15:31:20,959 [AWT-EventQueue-0] DEBUG - org.berlin2.bottomuplife.life.LifeSimulation$SimulationObjects.onStepSimulation - LifeSimulation:info on bacteria, dna=AAAA AAAA AAAA AGCA GCCG GAAG AAAA AAAA AAAA AGCT CCAG GAAG AAAA AAAA AAAA AGCA AGCG GAAT AAAA AAAA AAAA AGCT CCAA GAAT AAAA AAAA AAAA AAAA 
2011-08-15 15:31:20,959 [AWT-EventQueue-0] INFO  - org.berlin2.bottomuplife.life.LifeSimulation$SimulationObjects.onStepSimulation - LifeSimulation:info on bacteria, name=child-gen-2-x719-parentPos[(52,60)]
2011-08-15 15:31:20,959 [AWT-EventQueue-0] INFO  - org.berlin2.bottomuplife.life.LifeSimulation$SimulationObjects.onStepSimulation - LifeSimulation:info on bacteria, energyLevelAtCreate=1000.0 sunBurnRed:0.12 waterBlueEnergy:0.2
2011-08-15 15:31:20,959 [AWT-EventQueue-0] INFO  - org.berlin2.bottomuplife.life.LifeSimulation$SimulationObjects.onStepSimulation - LifeSimulation:COUNT_ number elements list=17
2011-08-15 15:31:21,334 [AWT-EventQueue-0] INFO  - org.berlin2.bottomuplife.life.LifeSimulation$SimulationObjects.onStepSimulation - LifeSimulation:[ctr:637 t:263] CREATE_ bacteria cell, add to list
2011-08-15 15:31:21,334 [AWT-EventQueue-0] DEBUG - org.berlin2.bottomuplife.life.LifeSimulation$SimulationObjects.onStepSimulation - LifeSimulation:info on bacteria, dna=AAAA AAAA AAAA AGCA GCCG GAAG AAAA AAAA AAAA AGCT CCAG GAAG AAAA AAAA AAAA AGCA AGCG GAAT AAAA AAAA AAAA AGCT CCAA GAAT AAAA AAAA AAAA AAAA 
2011-08-15 15:31:21,334 [AWT-EventQueue-0] INFO  - org.berlin2.bottomuplife.life.LifeSimulation$SimulationObjects.onStepSimulation - LifeSimulation:info on bacteria, name=child-gen-3-x550-parentPos[(50,67)]
2011-08-15 15:31:21,334 [AWT-EventQueue-0] INFO  - org.berlin2.bottomuplife.life.LifeSimulation$SimulationObjects.onStepSimulation - LifeSimulation:info on bacteria, energyLevelAtCreate=1000.0 sunBurnRed:0.12 waterBlueEnergy:0.2
2011-08-15 15:31:21,334 [AWT-EventQueue-0] INFO  - org.berlin2.bottomuplife.life.LifeSimulation$SimulationObjects.onStepSimulation - LifeSimulation:COUNT_ number elements list=18
2011-08-15 15:31:27,240 [AWT-EventQueue-0] INFO  - org.berlin2.bottomuplife.life.LifeSimulation$SimulationObjects.onStepSimulation - LogUpdate [ctr:700 t:269] NumberOfCells:18 LiveCells:18 DeadCells:0 MutationsAcrossSystem:2
2011-08-15 15:31:36,350 [AWT-EventQueue-0] INFO  - org.berlin2.bottomuplife.life.LifeSimulation$SimulationObjects.onStepSimulation - LogUpdate [ctr:800 t:278] NumberOfCells:18 LiveCells:18 DeadCells:0 MutationsAcrossSystem:2
2011-08-15 15:31:37,272 [AWT-EventQueue-0] INFO  - org.berlin2.bottomuplife.life.LifeSimulation$SimulationObjects.onStepSimulation - LifeSimulation:[ctr:810 t:279] CREATE_ bacteria cell, add to list
2011-08-15 15:31:37,272 [AWT-EventQueue-0] DEBUG - org.berlin2.bottomuplife.life.LifeSimulation$SimulationObjects.onStepSimulation - LifeSimulation:info on bacteria, dna=AAAA AAAA AAAA AGCA GCCG GAAG AAAA AAAA AAAA AGCT CCAG GAAG AAAA AAAA AAAA AGCA AGCT GAAT AAAA AAAA AAAA AGCT CCAA GAAT AAAA AAAA AAAA AAAA 
2011-08-15 15:31:37,272 [AWT-EventQueue-0] INFO  - org.berlin2.bottomuplife.life.LifeSimulation$SimulationObjects.onStepSimulation - LifeSimulation:info on bacteria, name=child-gen-4-x822-parentPos[(63,69)]
2011-08-15 15:31:37,272 [AWT-EventQueue-0] INFO  - org.berlin2.bottomuplife.life.LifeSimulation$SimulationObjects.onStepSimulation - LifeSimulation:info on bacteria, energyLevelAtCreate=1000.0 sunBurnRed:0.12 waterBlueEnergy:0.2
2011-08-15 15:31:37,272 [AWT-EventQueue-0] INFO  - org.berlin2.bottomuplife.life.LifeSimulation$SimulationObjects.onStepSimulation - LifeSimulation:COUNT_ number elements list=19
2011-08-15 15:31:39,241 [AWT-EventQueue-0] INFO  - org.berlin2.bottomuplife.life.LifeSimulation$SimulationObjects.onStepSimulation - LifeSimulation:[ctr:831 t:281] CREATE_ bacteria cell, add to list
2011-08-15 15:31:39,241 [AWT-EventQueue-0] DEBUG - org.berlin2.bottomuplife.life.LifeSimulation$SimulationObjects.onStepSimulation - LifeSimulation:info on bacteria, dna=AAAA AAAA AAAA AGCA GCCG GAAG AAAA AAAA AAAA AGCT CCAG GAAG AAAA AAAA AAAA AGCA AGCG GAAT AAAA AAAA AAAA AGCT CCAA GAAT AAAA AAAA AAAA AAAA 
2011-08-15 15:31:39,241 [AWT-EventQueue-0] INFO  - org.berlin2.bottomuplife.life.LifeSimulation$SimulationObjects.onStepSimulation - LifeSimulation:info on bacteria, name=child-gen-3-x232-parentPos[(56,60)]
2011-08-15 15:31:39,241 [AWT-EventQueue-0] INFO  - org.berlin2.bottomuplife.life.LifeSimulation$SimulationObjects.onStepSimulation - LifeSimulation:info on bacteria, energyLevelAtCreate=2170.184585482012 sunBurnRed:0.12 waterBlueEnergy:0.2
2011-08-15 15:31:39,241 [AWT-EventQueue-0] INFO  - org.berlin2.bottomuplife.life.LifeSimulation$SimulationObjects.onStepSimulation - LifeSimulation:COUNT_ number elements list=20
